<?xml version="1.0" encoding="UTF-8"?>
<!-- Generated by org.testng.reporters.JUnitReportReporter -->
<testsuite hostname="DELL_AVGRJ" failures="0" tests="1" name="com.tutorialsninja.qa.tests.brainyquoteTest" time="12.471" errors="0" timestamp="2024-01-10T21:34:05 CST" skipped="0">
  <testcase classname="com.tutorialsninja.qa.tests.brainyquoteTest" name="brainyquoteMethod" time="12.471"/>
  <system-out/>
</testsuite> <!-- com.tutorialsninja.qa.tests.brainyquoteTest -->
