<?xml version="1.0" encoding="UTF-8"?>
<!-- Generated by org.testng.reporters.JUnitReportReporter -->
<testsuite hostname="DELL_AVGRJ" failures="0" tests="7" name="com.tutorialsninja.qa.tests.LoginTest" time="77.952" errors="0" timestamp="2024-01-08T18:52:50 CST" skipped="0">
  <testcase classname="com.tutorialsninja.qa.tests.LoginTest" name="verifyLoginWithValidCreds" time="10.576"/>
  <system-out/>
  <testcase classname="com.tutorialsninja.qa.tests.LoginTest" name="verifyLoginWithValidCreds" time="10.498"/>
  <system-out/>
  <testcase classname="com.tutorialsninja.qa.tests.LoginTest" name="verifyLoginWithValidCreds" time="10.499"/>
  <system-out/>
  <testcase classname="com.tutorialsninja.qa.tests.LoginTest" name="verifyloginWithInvalidCreds" time="12.969"/>
  <system-out/>
  <testcase classname="com.tutorialsninja.qa.tests.LoginTest" name="verifyloginWithValidPasswordInvalidEmail" time="10.438"/>
  <system-out/>
  <testcase classname="com.tutorialsninja.qa.tests.LoginTest" name="verifyloginWithVlaiddEmailInvalidPswd" time="13.048"/>
  <system-out/>
  <testcase classname="com.tutorialsninja.qa.tests.LoginTest" name="verifyloginWithoutCreds" time="9.924"/>
  <system-out/>
</testsuite> <!-- com.tutorialsninja.qa.tests.LoginTest -->
