<?xml version="1.0" encoding="UTF-8"?>
<!-- Generated by org.testng.reporters.JUnitReportReporter -->
<testsuite hostname="DELL_AVGRJ" failures="0" tests="2" name="com.tutorialsninja.qa.tests.Register" time="28.372" errors="0" timestamp="2024-01-08T18:52:50 CST" skipped="0">
  <testcase classname="com.tutorialsninja.qa.tests.Register" name="VerifyRegisterAnaccountWithMandatoryFeilds" time="13.297"/>
  <system-out/>
  <testcase classname="com.tutorialsninja.qa.tests.Register" name="verifyRegisteringAccountByProvidingAllFields" time="15.075"/>
  <system-out/>
</testsuite> <!-- com.tutorialsninja.qa.tests.Register -->
